d:\zelda_like\zelda_like\x64\debug\vc143.pdb
d:\zelda_like\zelda_like\x64\debug\vc143.idb
<<<<<<< Updated upstream
d:\zelda_like\zelda_like\x64\debug\zelda_like.obj
d:\zelda_like\zelda_like\x64\debug\userinput.obj
d:\zelda_like\zelda_like\x64\debug\tile.obj
d:\zelda_like\zelda_like\x64\debug\item.obj
d:\zelda_like\zelda_like\x64\debug\global.obj
d:\zelda_like\zelda_like\x64\debug\gameupdate.obj
d:\zelda_like\zelda_like\x64\debug\entity.obj
d:\zelda_like\zelda_like\x64\debug\collisions.obj
d:\zelda_like\x64\debug\zelda_like.pdb
d:\zelda_like\zelda_like\x64\debug\zelda_like.tlog\cl.read.1.tlog
d:\zelda_like\zelda_like\x64\debug\zelda_like.tlog\cl.write.1.tlog
d:\zelda_like\zelda_like\x64\debug\zelda_like.tlog\cl.command.1.tlog
d:\zelda_like\zelda_like\x64\debug\zelda_like.tlog\link-rc.read.1.tlog
d:\zelda_like\zelda_like\x64\debug\zelda_like.tlog\link-rc.write.1.tlog
d:\zelda_like\zelda_like\x64\debug\zelda_like.tlog\link-cvtres.read.1.tlog
d:\zelda_like\zelda_like\x64\debug\zelda_like.tlog\link-cvtres.write.1.tlog
d:\zelda_like\zelda_like\x64\debug\zelda_like.tlog\link.read.2.tlog
d:\zelda_like\zelda_like\x64\debug\zelda_like.tlog\link.read.1.tlog
d:\zelda_like\zelda_like\x64\debug\zelda_like.tlog\link.write.1.tlog
d:\zelda_like\zelda_like\x64\debug\zelda_like.tlog\link.command.1.tlog
=======
d:\zelda_like\zelda_like\x64\debug\userinput.obj
d:\zelda_like\zelda_like\x64\debug\tile.obj
d:\zelda_like\zelda_like\x64\debug\global.obj
d:\zelda_like\zelda_like\x64\debug\gameupdate.obj
d:\zelda_like\zelda_like\x64\debug\entity.obj
d:\zelda_like\zelda_like\x64\debug\zelda_like.obj
d:\zelda_like\x64\debug\zelda_like.exe
d:\zelda_like\x64\debug\zelda_like.pdb
d:\zelda_like\zelda_like\x64\debug\zelda_like.ilk
c:\users\trestoux\documents\github\capybara\zelda_like\zelda_like\x64\debug\entity.obj
c:\users\trestoux\documents\github\capybara\zelda_like\zelda_like\x64\debug\gameupdate.obj
c:\users\trestoux\documents\github\capybara\zelda_like\zelda_like\x64\debug\global.obj
c:\users\trestoux\documents\github\capybara\zelda_like\zelda_like\x64\debug\tile.obj
c:\users\trestoux\documents\github\capybara\zelda_like\zelda_like\x64\debug\userinput.obj
c:\users\trestoux\documents\github\capybara\zelda_like\zelda_like\x64\debug\zelda_like.obj
c:\users\trestoux\documents\github\capybara\zelda_like\zelda_like\x64\debug\zelda_like.ilk
c:\users\trestoux\documents\github\capybara\zelda_like\zelda_like\x64\debug\vc143.idb
c:\users\trestoux\documents\github\capybara\zelda_like\zelda_like\x64\debug\vc143.pdb
c:\users\trestoux\documents\github\capybara\zelda_like\x64\debug\zelda_like.pdb
c:\users\trestoux\documents\github\capybara\zelda_like\x64\debug\zelda_like.exe
c:\users\trestoux\documents\github\capybara\zelda_like\zelda_like\x64\debug\zelda_like.tlog\cl.command.1.tlog
c:\users\trestoux\documents\github\capybara\zelda_like\zelda_like\x64\debug\zelda_like.tlog\cl.items.tlog
c:\users\trestoux\documents\github\capybara\zelda_like\zelda_like\x64\debug\zelda_like.tlog\cl.read.1.tlog
c:\users\trestoux\documents\github\capybara\zelda_like\zelda_like\x64\debug\zelda_like.tlog\cl.write.1.tlog
c:\users\trestoux\documents\github\capybara\zelda_like\zelda_like\x64\debug\zelda_like.tlog\link.command.1.tlog
c:\users\trestoux\documents\github\capybara\zelda_like\zelda_like\x64\debug\zelda_like.tlog\link.read.3.tlog
c:\users\trestoux\documents\github\capybara\zelda_like\zelda_like\x64\debug\zelda_like.tlog\link.secondary.1.tlog
c:\users\trestoux\documents\github\capybara\zelda_like\zelda_like\x64\debug\zelda_like.tlog\link.write.1.tlog
>>>>>>> Stashed changes
